1 Homies\Objects\floor1.txt
2 Homies\Objects\wall1.txt
3 Homies\Objects\arrowup.txt
4 Homies\Objects\arrowdn.txt
5 Homies\Objects\arrowlft.txt
6 Homies\Objects\arrowrgt.txt
7 Homies\Objects\goalRed.txt
8 Homies\Objects\goalGreen.txt
9 Homies\Objects\goalBlue.txt
10 Homies\Objects\goalYellow.txt
11 Homies\Objects\teleRed.txt
12 Homies\Objects\teleGreen.txt
13 Homies\Objects\teleBlue.txt
14 Homies\Objects\teleYellow.txt
15 Homies\Objects\bouncer.txt
16 Homies\Objects\keyRed.txt
17 Homies\Objects\keyGreen.txt
18 Homies\Objects\keyBlue.txt
19 Homies\Objects\keyYellow.txt
20 Homies\Objects\holeRed.txt
21 Homies\Objects\holeGreen.txt
22 Homies\Objects\holeBlue.txt
23 Homies\Objects\holeYellow.txt
24 Homies\Objects\floor2.txt
25 Homies\Objects\wall2.txt
